<?xml version="1.0" encoding="UTF-8"?>
<testsuite name="RegisterTest" tests="1" skipped="0" failures="0" errors="0" timestamp="2017-12-15T17:21:55" hostname="kali" time="0.257">
  <properties/>
  <testcase name="checkIfUserHasBeenAddedToTheDatabase" classname="RegisterTest" time="0.257"/>
  <system-out><![CDATA[null
]]></system-out>
  <system-err><![CDATA[]]></system-err>
</testsuite>
