<?xml version="1.0" encoding="UTF-8"?>
<testsuite name="SqliteConnectionTest" tests="1" skipped="0" failures="0" errors="0" timestamp="2017-12-15T17:21:56" hostname="kali" time="0.002">
  <properties/>
  <testcase name="sqliteConnectionReturnsTrue" classname="SqliteConnectionTest" time="0.002"/>
  <system-out><![CDATA[]]></system-out>
  <system-err><![CDATA[]]></system-err>
</testsuite>
